<?xml version="1.0" encoding="UTF-8"?>
<testng-results skipped="0" failed="1" total="7" passed="6">
  <reporter-output>
  </reporter-output>
  <suite name="Simple Reporter Suite" duration-ms="8644" started-at="2021-01-02T12:06:27Z" finished-at="2021-01-02T12:06:35Z">
    <groups>
    </groups>
    <test name="Simple Reporter test" duration-ms="8644" started-at="2021-01-02T12:06:27Z" finished-at="2021-01-02T12:06:35Z">
      <class name="a1.RestAssured.REQRESTests">
        <test-method status="PASS" signature="createUser(java.lang.String, java.lang.String)[pri:0, instance:a1.RestAssured.REQRESTests@4501b7af]" name="createUser" duration-ms="5066" started-at="2021-01-02T17:36:27Z" finished-at="2021-01-02T17:36:32Z">
          <params>
            <param index="0">
              <value>
                <![CDATA[Nagendra]]>
              </value>
            </param>
            <param index="1">
              <value>
                <![CDATA[leader]]>
              </value>
            </param>
          </params>
          <reporter-output>
          </reporter-output>
        </test-method> <!-- createUser -->
        <test-method status="PASS" signature="deleteUsers()[pri:0, instance:a1.RestAssured.REQRESTests@4501b7af]" name="deleteUsers" duration-ms="1117" started-at="2021-01-02T17:36:32Z" finished-at="2021-01-02T17:36:33Z">
          <reporter-output>
          </reporter-output>
        </test-method> <!-- deleteUsers -->
        <test-method status="PASS" signature="listSingleUser(int)[pri:0, instance:a1.RestAssured.REQRESTests@4501b7af]" name="listSingleUser" duration-ms="522" started-at="2021-01-02T17:36:33Z" finished-at="2021-01-02T17:36:33Z">
          <params>
            <param index="0">
              <value>
                <![CDATA[1]]>
              </value>
            </param>
          </params>
          <reporter-output>
          </reporter-output>
        </test-method> <!-- listSingleUser -->
        <test-method status="PASS" signature="listUsersInaPage(int, int)[pri:0, instance:a1.RestAssured.REQRESTests@4501b7af]" name="listUsersInaPage" duration-ms="516" started-at="2021-01-02T17:36:33Z" finished-at="2021-01-02T17:36:34Z">
          <params>
            <param index="0">
              <value>
                <![CDATA[2]]>
              </value>
            </param>
            <param index="1">
              <value>
                <![CDATA[6]]>
              </value>
            </param>
          </params>
          <reporter-output>
          </reporter-output>
        </test-method> <!-- listUsersInaPage -->
        <test-method status="PASS" signature="login()[pri:0, instance:a1.RestAssured.REQRESTests@4501b7af]" name="login" duration-ms="502" started-at="2021-01-02T17:36:34Z" finished-at="2021-01-02T17:36:34Z">
          <reporter-output>
          </reporter-output>
        </test-method> <!-- login -->
        <test-method status="PASS" signature="updateUserRole()[pri:0, instance:a1.RestAssured.REQRESTests@4501b7af]" name="updateUserRole" duration-ms="525" started-at="2021-01-02T17:36:34Z" finished-at="2021-01-02T17:36:35Z">
          <reporter-output>
          </reporter-output>
        </test-method> <!-- updateUserRole -->
        <test-method status="FAIL" signature="userNotFound(int)[pri:0, instance:a1.RestAssured.REQRESTests@4501b7af]" name="userNotFound" duration-ms="335" started-at="2021-01-02T17:36:35Z" finished-at="2021-01-02T17:36:35Z">
          <params>
            <param index="0">
              <value>
                <![CDATA[1]]>
              </value>
            </param>
          </params>
          <exception class="java.lang.AssertionError">
            <message>
              <![CDATA[expected [HTTP/1.1 404 Not Found] but found [HTTP/1.1 200 OK]]]>
            </message>
            <full-stacktrace>
              <![CDATA[java.lang.AssertionError: expected [HTTP/1.1 404 Not Found] but found [HTTP/1.1 200 OK]
	at org.testng.Assert.fail(Assert.java:94)
	at org.testng.Assert.failNotEquals(Assert.java:513)
	at org.testng.Assert.assertEqualsImpl(Assert.java:135)
	at org.testng.Assert.assertEquals(Assert.java:116)
	at org.testng.Assert.assertEquals(Assert.java:190)
	at org.testng.Assert.assertEquals(Assert.java:200)
	at a1.RestAssured.REQRESTests.userNotFound(REQRESTests.java:91)
	at sun.reflect.NativeMethodAccessorImpl.invoke0(Native Method)
	at sun.reflect.NativeMethodAccessorImpl.invoke(Unknown Source)
	at sun.reflect.DelegatingMethodAccessorImpl.invoke(Unknown Source)
	at java.lang.reflect.Method.invoke(Unknown Source)
	at org.testng.internal.MethodInvocationHelper.invokeMethod(MethodInvocationHelper.java:100)
	at org.testng.internal.Invoker.invokeMethod(Invoker.java:646)
	at org.testng.internal.Invoker.invokeTestMethod(Invoker.java:811)
	at org.testng.internal.Invoker.invokeTestMethods(Invoker.java:1129)
	at org.testng.internal.TestMethodWorker.invokeTestMethods(TestMethodWorker.java:129)
	at org.testng.internal.TestMethodWorker.run(TestMethodWorker.java:112)
	at org.testng.TestRunner.privateRun(TestRunner.java:746)
	at org.testng.TestRunner.run(TestRunner.java:600)
	at org.testng.SuiteRunner.runTest(SuiteRunner.java:366)
	at org.testng.SuiteRunner.runSequentially(SuiteRunner.java:361)
	at org.testng.SuiteRunner.privateRun(SuiteRunner.java:319)
	at org.testng.SuiteRunner.run(SuiteRunner.java:268)
	at org.testng.SuiteRunnerWorker.runSuite(SuiteRunnerWorker.java:52)
	at org.testng.SuiteRunnerWorker.run(SuiteRunnerWorker.java:86)
	at org.testng.TestNG.runSuitesSequentially(TestNG.java:1264)
	at org.testng.TestNG.runSuitesLocally(TestNG.java:1189)
	at org.testng.TestNG.runSuites(TestNG.java:1104)
	at org.testng.TestNG.run(TestNG.java:1076)
	at org.testng.remote.AbstractRemoteTestNG.run(AbstractRemoteTestNG.java:126)
	at org.testng.remote.RemoteTestNG.initAndRun(RemoteTestNG.java:152)
	at org.testng.remote.RemoteTestNG.main(RemoteTestNG.java:57)
]]>
            </full-stacktrace>
          </exception> <!-- java.lang.AssertionError -->
          <reporter-output>
          </reporter-output>
        </test-method> <!-- userNotFound -->
      </class> <!-- a1.RestAssured.REQRESTests -->
    </test> <!-- Simple Reporter test -->
  </suite> <!-- Simple Reporter Suite -->
</testng-results>
