<?xml version="1.0" encoding="UTF-8"?>
<!-- Generated by org.testng.reporters.JUnitXMLReporter -->
<testsuite hostname="DESKTOP-0PBS36T" name="Simple Reporter test" tests="7" failures="1" timestamp="2 Jan 2021 12:06:35 GMT" time="8.644" errors="0">
  <testcase name="createUser" time="5.066" classname="a1.RestAssured.REQRESTests"/>
  <testcase name="deleteUsers" time="1.117" classname="a1.RestAssured.REQRESTests"/>
  <testcase name="listSingleUser" time="0.522" classname="a1.RestAssured.REQRESTests"/>
  <testcase name="listUsersInaPage" time="0.516" classname="a1.RestAssured.REQRESTests"/>
  <testcase name="login" time="0.502" classname="a1.RestAssured.REQRESTests"/>
  <testcase name="updateUserRole" time="0.525" classname="a1.RestAssured.REQRESTests"/>
  <testcase name="userNotFound" time="0.335" classname="a1.RestAssured.REQRESTests">
    <failure type="java.lang.AssertionError" message="expected [HTTP/1.1 404 Not Found] but found [HTTP/1.1 200 OK]">
      <![CDATA[java.lang.AssertionError: expected [HTTP/1.1 404 Not Found] but found [HTTP/1.1 200 OK]
	at a1.RestAssured.REQRESTests.userNotFound(REQRESTests.java:91)
... Removed 31 stack frames]]>
    </failure>
  </testcase> <!-- userNotFound -->
</testsuite> <!-- Simple Reporter test -->
